
*** Running vivado
    with args -log bram_rx_buffer.vds -m64 -product Vivado -mode batch -messageDb vivado.pb -notrace -source bram_rx_buffer.tcl


****** Vivado v2019.2 (64-bit)
  **** SW Build 2708876 on Wed Nov  6 21:39:14 MST 2019
  **** IP Build 2700528 on Thu Nov  7 00:09:20 MST 2019
    ** Copyright 1986-2019 Xilinx, Inc. All Rights Reserved.

source bram_rx_buffer.tcl -notrace
INFO: [IP_Flow 19-234] Refreshing IP repositories
INFO: [IP_Flow 19-1700] Loaded user IP repository '/storage1/ag17009/IPBB_TestBuilds/w4_emp/proj/w4_algo/user_ip_repo'.
INFO: [IP_Flow 19-2313] Loaded Vivado IP repository '/software/CAD/Xilinx/2019.2/Vivado/2019.2/data/ip'.
WARNING: [IP_Flow 19-1663] Duplicate IP found for 'xilinx.com:hls:myfunc:1.0'. The one found in IP location '/storage1/ag17009/IPBB_TestBuilds/w4_emp/proj/w4_algo/user_ip_repo/xilinx_com_hls_myfunc_1_0_1' will take precedence over the same IP in location /storage1/ag17009/IPBB_TestBuilds/w4_emp/proj/w4_algo/user_ip_repo/xilinx_com_hls_myfunc_1_0
update_ip_catalog: Time (s): cpu = 00:00:03 ; elapsed = 00:00:09 . Memory (MB): peak = 1630.016 ; gain = 12.875 ; free physical = 8332 ; free virtual = 12249
Command: synth_design -top bram_rx_buffer -part xcku15p-ffva1760-2-e -mode out_of_context
Starting synth_design
Attempting to get a license for feature 'Synthesis' and/or device 'xcku15p'
INFO: [Common 17-349] Got license for feature 'Synthesis' and/or device 'xcku15p'
INFO: [Common 17-1686] The version limit for your license is '2021.03' and will not allow you to run Xilinx software released after that date (year & month). A version limit expiration means that while you will be able to continue to use the current version of tools or IP with this license, you will not be able to use any updates or new releases.
INFO: [Device 21-403] Loading part xcku15p-ffva1760-2-e
INFO: Launching helper process for spawning children vivado processes
INFO: Helper process launched with PID 1068 
---------------------------------------------------------------------------------
Starting RTL Elaboration : Time (s): cpu = 00:00:08 ; elapsed = 00:00:26 . Memory (MB): peak = 2729.535 ; gain = 42.738 ; free physical = 1212 ; free virtual = 5139
---------------------------------------------------------------------------------
INFO: [Synth 8-638] synthesizing module 'bram_rx_buffer' [/storage1/ag17009/IPBB_TestBuilds/w4_emp/proj/w4_algo/w4_algo/w4_algo.srcs/sources_1/ip/bram_rx_buffer/synth/bram_rx_buffer.vhd:72]
	Parameter C_FAMILY bound to: kintexuplus - type: string 
	Parameter C_XDEVICEFAMILY bound to: kintexuplus - type: string 
	Parameter C_ELABORATION_DIR bound to: ./ - type: string 
	Parameter C_INTERFACE_TYPE bound to: 0 - type: integer 
	Parameter C_AXI_TYPE bound to: 1 - type: integer 
	Parameter C_AXI_SLAVE_TYPE bound to: 0 - type: integer 
	Parameter C_USE_BRAM_BLOCK bound to: 0 - type: integer 
	Parameter C_ENABLE_32BIT_ADDRESS bound to: 0 - type: integer 
	Parameter C_CTRL_ECC_ALGO bound to: NONE - type: string 
	Parameter C_HAS_AXI_ID bound to: 0 - type: integer 
	Parameter C_AXI_ID_WIDTH bound to: 4 - type: integer 
	Parameter C_MEM_TYPE bound to: 1 - type: integer 
	Parameter C_BYTE_SIZE bound to: 9 - type: integer 
	Parameter C_ALGORITHM bound to: 1 - type: integer 
	Parameter C_PRIM_TYPE bound to: 1 - type: integer 
	Parameter C_LOAD_INIT_FILE bound to: 0 - type: integer 
	Parameter C_INIT_FILE_NAME bound to: no_coe_file_loaded - type: string 
	Parameter C_INIT_FILE bound to: bram_rx_buffer.mem - type: string 
	Parameter C_USE_DEFAULT_DATA bound to: 0 - type: integer 
	Parameter C_DEFAULT_DATA bound to: 0 - type: string 
	Parameter C_HAS_RSTA bound to: 0 - type: integer 
	Parameter C_RST_PRIORITY_A bound to: CE - type: string 
	Parameter C_RSTRAM_A bound to: 0 - type: integer 
	Parameter C_INITA_VAL bound to: 0 - type: string 
	Parameter C_HAS_ENA bound to: 0 - type: integer 
	Parameter C_HAS_REGCEA bound to: 0 - type: integer 
	Parameter C_USE_BYTE_WEA bound to: 0 - type: integer 
	Parameter C_WEA_WIDTH bound to: 1 - type: integer 
	Parameter C_WRITE_MODE_A bound to: WRITE_FIRST - type: string 
	Parameter C_WRITE_WIDTH_A bound to: 65 - type: integer 
	Parameter C_READ_WIDTH_A bound to: 65 - type: integer 
	Parameter C_WRITE_DEPTH_A bound to: 512 - type: integer 
	Parameter C_READ_DEPTH_A bound to: 512 - type: integer 
	Parameter C_ADDRA_WIDTH bound to: 9 - type: integer 
	Parameter C_HAS_RSTB bound to: 0 - type: integer 
	Parameter C_RST_PRIORITY_B bound to: CE - type: string 
	Parameter C_RSTRAM_B bound to: 0 - type: integer 
	Parameter C_INITB_VAL bound to: 0 - type: string 
	Parameter C_HAS_ENB bound to: 1 - type: integer 
	Parameter C_HAS_REGCEB bound to: 0 - type: integer 
	Parameter C_USE_BYTE_WEB bound to: 0 - type: integer 
	Parameter C_WEB_WIDTH bound to: 1 - type: integer 
	Parameter C_WRITE_MODE_B bound to: WRITE_FIRST - type: string 
	Parameter C_WRITE_WIDTH_B bound to: 65 - type: integer 
	Parameter C_READ_WIDTH_B bound to: 65 - type: integer 
	Parameter C_WRITE_DEPTH_B bound to: 512 - type: integer 
	Parameter C_READ_DEPTH_B bound to: 512 - type: integer 
	Parameter C_ADDRB_WIDTH bound to: 9 - type: integer 
	Parameter C_HAS_MEM_OUTPUT_REGS_A bound to: 0 - type: integer 
	Parameter C_HAS_MEM_OUTPUT_REGS_B bound to: 0 - type: integer 
	Parameter C_HAS_MUX_OUTPUT_REGS_A bound to: 0 - type: integer 
	Parameter C_HAS_MUX_OUTPUT_REGS_B bound to: 0 - type: integer 
	Parameter C_MUX_PIPELINE_STAGES bound to: 0 - type: integer 
	Parameter C_HAS_SOFTECC_INPUT_REGS_A bound to: 0 - type: integer 
	Parameter C_HAS_SOFTECC_OUTPUT_REGS_B bound to: 0 - type: integer 
	Parameter C_USE_SOFTECC bound to: 0 - type: integer 
	Parameter C_USE_ECC bound to: 0 - type: integer 
	Parameter C_EN_ECC_PIPE bound to: 0 - type: integer 
	Parameter C_READ_LATENCY_A bound to: 1 - type: integer 
	Parameter C_READ_LATENCY_B bound to: 1 - type: integer 
	Parameter C_HAS_INJECTERR bound to: 0 - type: integer 
	Parameter C_SIM_COLLISION_CHECK bound to: ALL - type: string 
	Parameter C_COMMON_CLK bound to: 0 - type: integer 
	Parameter C_DISABLE_WARN_BHV_COLL bound to: 1 - type: integer 
	Parameter C_EN_SLEEP_PIN bound to: 0 - type: integer 
	Parameter C_USE_URAM bound to: 0 - type: integer 
	Parameter C_EN_RDADDRA_CHG bound to: 0 - type: integer 
	Parameter C_EN_RDADDRB_CHG bound to: 0 - type: integer 
	Parameter C_EN_DEEPSLEEP_PIN bound to: 0 - type: integer 
	Parameter C_EN_SHUTDOWN_PIN bound to: 0 - type: integer 
	Parameter C_EN_SAFETY_CKT bound to: 0 - type: integer 
	Parameter C_DISABLE_WARN_BHV_RANGE bound to: 0 - type: integer 
	Parameter C_COUNT_36K_BRAM bound to: 1 - type: string 
	Parameter C_COUNT_18K_BRAM bound to: 0 - type: string 
	Parameter C_EST_POWER_SUMMARY bound to: Estimated Power for IP     :     2.363472 mW - type: string 
INFO: [Synth 8-3491] module 'blk_mem_gen_v8_4_4' declared at '/storage1/ag17009/IPBB_TestBuilds/w4_emp/proj/w4_algo/w4_algo/w4_algo.srcs/sources_1/ip/bram_rx_buffer/hdl/blk_mem_gen_v8_4_vhsyn_rfs.vhd:195321' bound to instance 'U0' of component 'blk_mem_gen_v8_4_4' [/storage1/ag17009/IPBB_TestBuilds/w4_emp/proj/w4_algo/w4_algo/w4_algo.srcs/sources_1/ip/bram_rx_buffer/synth/bram_rx_buffer.vhd:241]
INFO: [Synth 8-256] done synthesizing module 'bram_rx_buffer' (9#1) [/storage1/ag17009/IPBB_TestBuilds/w4_emp/proj/w4_algo/w4_algo/w4_algo.srcs/sources_1/ip/bram_rx_buffer/synth/bram_rx_buffer.vhd:72]
WARNING: [Synth 8-3331] design blk_mem_output_block has unconnected port CLKB
WARNING: [Synth 8-3331] design blk_mem_output_block has unconnected port DOUTA_I[64]
WARNING: [Synth 8-3331] design blk_mem_output_block has unconnected port DOUTA_I[63]
WARNING: [Synth 8-3331] design blk_mem_output_block has unconnected port DOUTA_I[62]
WARNING: [Synth 8-3331] design blk_mem_output_block has unconnected port DOUTA_I[61]
WARNING: [Synth 8-3331] design blk_mem_output_block has unconnected port DOUTA_I[60]
WARNING: [Synth 8-3331] design blk_mem_output_block has unconnected port DOUTA_I[59]
WARNING: [Synth 8-3331] design blk_mem_output_block has unconnected port DOUTA_I[58]
WARNING: [Synth 8-3331] design blk_mem_output_block has unconnected port DOUTA_I[57]
WARNING: [Synth 8-3331] design blk_mem_output_block has unconnected port DOUTA_I[56]
WARNING: [Synth 8-3331] design blk_mem_output_block has unconnected port DOUTA_I[55]
WARNING: [Synth 8-3331] design blk_mem_output_block has unconnected port DOUTA_I[54]
WARNING: [Synth 8-3331] design blk_mem_output_block has unconnected port DOUTA_I[53]
WARNING: [Synth 8-3331] design blk_mem_output_block has unconnected port DOUTA_I[52]
WARNING: [Synth 8-3331] design blk_mem_output_block has unconnected port DOUTA_I[51]
WARNING: [Synth 8-3331] design blk_mem_output_block has unconnected port DOUTA_I[50]
WARNING: [Synth 8-3331] design blk_mem_output_block has unconnected port DOUTA_I[49]
WARNING: [Synth 8-3331] design blk_mem_output_block has unconnected port DOUTA_I[48]
WARNING: [Synth 8-3331] design blk_mem_output_block has unconnected port DOUTA_I[47]
WARNING: [Synth 8-3331] design blk_mem_output_block has unconnected port DOUTA_I[46]
WARNING: [Synth 8-3331] design blk_mem_output_block has unconnected port DOUTA_I[45]
WARNING: [Synth 8-3331] design blk_mem_output_block has unconnected port DOUTA_I[44]
WARNING: [Synth 8-3331] design blk_mem_output_block has unconnected port DOUTA_I[43]
WARNING: [Synth 8-3331] design blk_mem_output_block has unconnected port DOUTA_I[42]
WARNING: [Synth 8-3331] design blk_mem_output_block has unconnected port DOUTA_I[41]
WARNING: [Synth 8-3331] design blk_mem_output_block has unconnected port DOUTA_I[40]
WARNING: [Synth 8-3331] design blk_mem_output_block has unconnected port DOUTA_I[39]
WARNING: [Synth 8-3331] design blk_mem_output_block has unconnected port DOUTA_I[38]
WARNING: [Synth 8-3331] design blk_mem_output_block has unconnected port DOUTA_I[37]
WARNING: [Synth 8-3331] design blk_mem_output_block has unconnected port DOUTA_I[36]
WARNING: [Synth 8-3331] design blk_mem_output_block has unconnected port DOUTA_I[35]
WARNING: [Synth 8-3331] design blk_mem_output_block has unconnected port DOUTA_I[34]
WARNING: [Synth 8-3331] design blk_mem_output_block has unconnected port DOUTA_I[33]
WARNING: [Synth 8-3331] design blk_mem_output_block has unconnected port DOUTA_I[32]
WARNING: [Synth 8-3331] design blk_mem_output_block has unconnected port DOUTA_I[31]
WARNING: [Synth 8-3331] design blk_mem_output_block has unconnected port DOUTA_I[30]
WARNING: [Synth 8-3331] design blk_mem_output_block has unconnected port DOUTA_I[29]
WARNING: [Synth 8-3331] design blk_mem_output_block has unconnected port DOUTA_I[28]
WARNING: [Synth 8-3331] design blk_mem_output_block has unconnected port DOUTA_I[27]
WARNING: [Synth 8-3331] design blk_mem_output_block has unconnected port DOUTA_I[26]
WARNING: [Synth 8-3331] design blk_mem_output_block has unconnected port DOUTA_I[25]
WARNING: [Synth 8-3331] design blk_mem_output_block has unconnected port DOUTA_I[24]
WARNING: [Synth 8-3331] design blk_mem_output_block has unconnected port DOUTA_I[23]
WARNING: [Synth 8-3331] design blk_mem_output_block has unconnected port DOUTA_I[22]
WARNING: [Synth 8-3331] design blk_mem_output_block has unconnected port DOUTA_I[21]
WARNING: [Synth 8-3331] design blk_mem_output_block has unconnected port DOUTA_I[20]
WARNING: [Synth 8-3331] design blk_mem_output_block has unconnected port DOUTA_I[19]
WARNING: [Synth 8-3331] design blk_mem_output_block has unconnected port DOUTA_I[18]
WARNING: [Synth 8-3331] design blk_mem_output_block has unconnected port DOUTA_I[17]
WARNING: [Synth 8-3331] design blk_mem_output_block has unconnected port DOUTA_I[16]
WARNING: [Synth 8-3331] design blk_mem_output_block has unconnected port DOUTA_I[15]
WARNING: [Synth 8-3331] design blk_mem_output_block has unconnected port DOUTA_I[14]
WARNING: [Synth 8-3331] design blk_mem_output_block has unconnected port DOUTA_I[13]
WARNING: [Synth 8-3331] design blk_mem_output_block has unconnected port DOUTA_I[12]
WARNING: [Synth 8-3331] design blk_mem_output_block has unconnected port DOUTA_I[11]
WARNING: [Synth 8-3331] design blk_mem_output_block has unconnected port DOUTA_I[10]
WARNING: [Synth 8-3331] design blk_mem_output_block has unconnected port DOUTA_I[9]
WARNING: [Synth 8-3331] design blk_mem_output_block has unconnected port DOUTA_I[8]
WARNING: [Synth 8-3331] design blk_mem_output_block has unconnected port DOUTA_I[7]
WARNING: [Synth 8-3331] design blk_mem_output_block has unconnected port DOUTA_I[6]
WARNING: [Synth 8-3331] design blk_mem_output_block has unconnected port DOUTA_I[5]
WARNING: [Synth 8-3331] design blk_mem_output_block has unconnected port DOUTA_I[4]
WARNING: [Synth 8-3331] design blk_mem_output_block has unconnected port DOUTA_I[3]
WARNING: [Synth 8-3331] design blk_mem_output_block has unconnected port DOUTA_I[2]
WARNING: [Synth 8-3331] design blk_mem_output_block has unconnected port DOUTA_I[1]
WARNING: [Synth 8-3331] design blk_mem_output_block has unconnected port DOUTA_I[0]
WARNING: [Synth 8-3331] design blk_mem_output_block has unconnected port SBITERR_I
WARNING: [Synth 8-3331] design blk_mem_output_block has unconnected port DBITERR_I
WARNING: [Synth 8-3331] design blk_mem_output_block has unconnected port RDADDRECC_I[8]
WARNING: [Synth 8-3331] design blk_mem_output_block has unconnected port RDADDRECC_I[7]
WARNING: [Synth 8-3331] design blk_mem_output_block has unconnected port RDADDRECC_I[6]
WARNING: [Synth 8-3331] design blk_mem_output_block has unconnected port RDADDRECC_I[5]
WARNING: [Synth 8-3331] design blk_mem_output_block has unconnected port RDADDRECC_I[4]
WARNING: [Synth 8-3331] design blk_mem_output_block has unconnected port RDADDRECC_I[3]
WARNING: [Synth 8-3331] design blk_mem_output_block has unconnected port RDADDRECC_I[2]
WARNING: [Synth 8-3331] design blk_mem_output_block has unconnected port RDADDRECC_I[1]
WARNING: [Synth 8-3331] design blk_mem_output_block has unconnected port RDADDRECC_I[0]
WARNING: [Synth 8-3331] design blk_mem_gen_prim_wrapper has unconnected port DOUTA[71]
WARNING: [Synth 8-3331] design blk_mem_gen_prim_wrapper has unconnected port DOUTA[70]
WARNING: [Synth 8-3331] design blk_mem_gen_prim_wrapper has unconnected port DOUTA[69]
WARNING: [Synth 8-3331] design blk_mem_gen_prim_wrapper has unconnected port DOUTA[68]
WARNING: [Synth 8-3331] design blk_mem_gen_prim_wrapper has unconnected port DOUTA[67]
WARNING: [Synth 8-3331] design blk_mem_gen_prim_wrapper has unconnected port DOUTA[66]
WARNING: [Synth 8-3331] design blk_mem_gen_prim_wrapper has unconnected port DOUTA[65]
WARNING: [Synth 8-3331] design blk_mem_gen_prim_wrapper has unconnected port DOUTA[64]
WARNING: [Synth 8-3331] design blk_mem_gen_prim_wrapper has unconnected port DOUTA[63]
WARNING: [Synth 8-3331] design blk_mem_gen_prim_wrapper has unconnected port DOUTA[62]
WARNING: [Synth 8-3331] design blk_mem_gen_prim_wrapper has unconnected port DOUTA[61]
WARNING: [Synth 8-3331] design blk_mem_gen_prim_wrapper has unconnected port DOUTA[60]
WARNING: [Synth 8-3331] design blk_mem_gen_prim_wrapper has unconnected port DOUTA[59]
WARNING: [Synth 8-3331] design blk_mem_gen_prim_wrapper has unconnected port DOUTA[58]
WARNING: [Synth 8-3331] design blk_mem_gen_prim_wrapper has unconnected port DOUTA[57]
WARNING: [Synth 8-3331] design blk_mem_gen_prim_wrapper has unconnected port DOUTA[56]
WARNING: [Synth 8-3331] design blk_mem_gen_prim_wrapper has unconnected port DOUTA[55]
WARNING: [Synth 8-3331] design blk_mem_gen_prim_wrapper has unconnected port DOUTA[54]
WARNING: [Synth 8-3331] design blk_mem_gen_prim_wrapper has unconnected port DOUTA[53]
WARNING: [Synth 8-3331] design blk_mem_gen_prim_wrapper has unconnected port DOUTA[52]
WARNING: [Synth 8-3331] design blk_mem_gen_prim_wrapper has unconnected port DOUTA[51]
WARNING: [Synth 8-3331] design blk_mem_gen_prim_wrapper has unconnected port DOUTA[50]
WARNING: [Synth 8-3331] design blk_mem_gen_prim_wrapper has unconnected port DOUTA[49]
INFO: [Common 17-14] Message 'Synth 8-3331' appears 100 times and further instances of the messages will be disabled. Use the Tcl command set_msg_config to change the current settings.
---------------------------------------------------------------------------------
Finished RTL Elaboration : Time (s): cpu = 00:00:36 ; elapsed = 00:01:11 . Memory (MB): peak = 2964.250 ; gain = 277.453 ; free physical = 416 ; free virtual = 3820
---------------------------------------------------------------------------------

Report Check Netlist: 
+------+------------------+-------+---------+-------+------------------+
|      |Item              |Errors |Warnings |Status |Description       |
+------+------------------+-------+---------+-------+------------------+
|1     |multi_driven_nets |      0|        0|Passed |Multi driven nets |
+------+------------------+-------+---------+-------+------------------+
---------------------------------------------------------------------------------
Start Handling Custom Attributes
---------------------------------------------------------------------------------
---------------------------------------------------------------------------------
Finished Handling Custom Attributes : Time (s): cpu = 00:00:37 ; elapsed = 00:01:11 . Memory (MB): peak = 2964.250 ; gain = 277.453 ; free physical = 374 ; free virtual = 3777
---------------------------------------------------------------------------------
---------------------------------------------------------------------------------
Finished RTL Optimization Phase 1 : Time (s): cpu = 00:00:37 ; elapsed = 00:01:11 . Memory (MB): peak = 2964.250 ; gain = 277.453 ; free physical = 374 ; free virtual = 3777
---------------------------------------------------------------------------------
Netlist sorting complete. Time (s): cpu = 00:00:00.01 ; elapsed = 00:00:00.01 . Memory (MB): peak = 2972.246 ; gain = 0.000 ; free physical = 326 ; free virtual = 3730
INFO: [Project 1-570] Preparing netlist for logic optimization

Processing XDC Constraints
Initializing timing engine
Parsing XDC File [/storage1/ag17009/IPBB_TestBuilds/w4_emp/proj/w4_algo/w4_algo/w4_algo.srcs/sources_1/ip/bram_rx_buffer/bram_rx_buffer_ooc.xdc] for cell 'U0'
create_clock: Time (s): cpu = 00:00:04 ; elapsed = 00:00:05 . Memory (MB): peak = 3036.277 ; gain = 0.000 ; free physical = 325 ; free virtual = 3754
Finished Parsing XDC File [/storage1/ag17009/IPBB_TestBuilds/w4_emp/proj/w4_algo/w4_algo/w4_algo.srcs/sources_1/ip/bram_rx_buffer/bram_rx_buffer_ooc.xdc] for cell 'U0'
Parsing XDC File [/storage1/ag17009/IPBB_TestBuilds/w4_emp/proj/w4_algo/w4_algo/w4_algo.runs/bram_rx_buffer_synth_1/dont_touch.xdc]
Finished Parsing XDC File [/storage1/ag17009/IPBB_TestBuilds/w4_emp/proj/w4_algo/w4_algo/w4_algo.runs/bram_rx_buffer_synth_1/dont_touch.xdc]
Completed Processing XDC Constraints

Netlist sorting complete. Time (s): cpu = 00:00:00 ; elapsed = 00:00:00 . Memory (MB): peak = 3036.277 ; gain = 0.000 ; free physical = 325 ; free virtual = 3754
INFO: [Project 1-111] Unisim Transformation Summary:
No Unisim elements were transformed.

Constraint Validation Runtime : Time (s): cpu = 00:00:00.02 ; elapsed = 00:00:00.22 . Memory (MB): peak = 3036.281 ; gain = 0.004 ; free physical = 310 ; free virtual = 3753
---------------------------------------------------------------------------------
Finished Constraint Validation : Time (s): cpu = 00:00:48 ; elapsed = 00:01:33 . Memory (MB): peak = 3036.281 ; gain = 349.484 ; free physical = 419 ; free virtual = 3864
---------------------------------------------------------------------------------
---------------------------------------------------------------------------------
Start Loading Part and Timing Information
---------------------------------------------------------------------------------
Loading part: xcku15p-ffva1760-2-e
INFO: [Synth 8-6742] Reading net delay rules and data
---------------------------------------------------------------------------------
Finished Loading Part and Timing Information : Time (s): cpu = 00:00:48 ; elapsed = 00:01:33 . Memory (MB): peak = 3036.281 ; gain = 349.484 ; free physical = 419 ; free virtual = 3864
---------------------------------------------------------------------------------
---------------------------------------------------------------------------------
Start Applying 'set_property' XDC Constraints
---------------------------------------------------------------------------------
Applied set_property DONT_TOUCH = true for U0. (constraint file  /storage1/ag17009/IPBB_TestBuilds/w4_emp/proj/w4_algo/w4_algo/w4_algo.runs/bram_rx_buffer_synth_1/dont_touch.xdc, line 9).
---------------------------------------------------------------------------------
Finished applying 'set_property' XDC Constraints : Time (s): cpu = 00:00:48 ; elapsed = 00:01:33 . Memory (MB): peak = 3036.281 ; gain = 349.484 ; free physical = 417 ; free virtual = 3862
---------------------------------------------------------------------------------
---------------------------------------------------------------------------------
Finished RTL Optimization Phase 2 : Time (s): cpu = 00:00:48 ; elapsed = 00:01:34 . Memory (MB): peak = 3036.281 ; gain = 349.484 ; free physical = 412 ; free virtual = 3859
---------------------------------------------------------------------------------

Report RTL Partitions: 
+-+--------------+------------+----------+
| |RTL Partition |Replication |Instances |
+-+--------------+------------+----------+
+-+--------------+------------+----------+
---------------------------------------------------------------------------------
Start RTL Component Statistics 
---------------------------------------------------------------------------------
Detailed RTL Component Info : 
---------------------------------------------------------------------------------
Finished RTL Component Statistics 
---------------------------------------------------------------------------------
---------------------------------------------------------------------------------
Start RTL Hierarchical Component Statistics 
---------------------------------------------------------------------------------
Hierarchical RTL Component report 
---------------------------------------------------------------------------------
Finished RTL Hierarchical Component Statistics
---------------------------------------------------------------------------------
---------------------------------------------------------------------------------
Start Part Resource Summary
---------------------------------------------------------------------------------
Part Resources:
DSPs: 1968 (col length:264)
BRAMs: 1968 (col length: RAMB18 264 RAMB36 132)
---------------------------------------------------------------------------------
Finished Part Resource Summary
---------------------------------------------------------------------------------
---------------------------------------------------------------------------------
Start Cross Boundary and Area Optimization
---------------------------------------------------------------------------------
Warning: Parallel synthesis criteria is not met 
---------------------------------------------------------------------------------
Finished Cross Boundary and Area Optimization : Time (s): cpu = 00:00:49 ; elapsed = 00:01:34 . Memory (MB): peak = 3036.281 ; gain = 349.484 ; free physical = 419 ; free virtual = 3872
---------------------------------------------------------------------------------

Report RTL Partitions: 
+-+--------------+------------+----------+
| |RTL Partition |Replication |Instances |
+-+--------------+------------+----------+
+-+--------------+------------+----------+
---------------------------------------------------------------------------------
Start Applying XDC Timing Constraints
---------------------------------------------------------------------------------
---------------------------------------------------------------------------------
Finished Applying XDC Timing Constraints : Time (s): cpu = 00:01:14 ; elapsed = 00:02:55 . Memory (MB): peak = 3305.703 ; gain = 618.906 ; free physical = 6170 ; free virtual = 8871
---------------------------------------------------------------------------------
---------------------------------------------------------------------------------
Start Timing Optimization
---------------------------------------------------------------------------------
---------------------------------------------------------------------------------
Finished Timing Optimization : Time (s): cpu = 00:01:14 ; elapsed = 00:02:55 . Memory (MB): peak = 3305.703 ; gain = 618.906 ; free physical = 6170 ; free virtual = 8871
---------------------------------------------------------------------------------

Report RTL Partitions: 
+-+--------------+------------+----------+
| |RTL Partition |Replication |Instances |
+-+--------------+------------+----------+
+-+--------------+------------+----------+
---------------------------------------------------------------------------------
Start Technology Mapping
---------------------------------------------------------------------------------
---------------------------------------------------------------------------------
Finished Technology Mapping : Time (s): cpu = 00:01:14 ; elapsed = 00:02:55 . Memory (MB): peak = 3314.719 ; gain = 627.922 ; free physical = 6168 ; free virtual = 8869
---------------------------------------------------------------------------------

Report RTL Partitions: 
+-+--------------+------------+----------+
| |RTL Partition |Replication |Instances |
+-+--------------+------------+----------+
+-+--------------+------------+----------+
---------------------------------------------------------------------------------
Start IO Insertion
---------------------------------------------------------------------------------
---------------------------------------------------------------------------------
Start Flattening Before IO Insertion
---------------------------------------------------------------------------------
---------------------------------------------------------------------------------
Finished Flattening Before IO Insertion
---------------------------------------------------------------------------------
---------------------------------------------------------------------------------
Start Final Netlist Cleanup
---------------------------------------------------------------------------------
---------------------------------------------------------------------------------
Finished Final Netlist Cleanup
---------------------------------------------------------------------------------
---------------------------------------------------------------------------------
Finished IO Insertion : Time (s): cpu = 00:01:16 ; elapsed = 00:02:58 . Memory (MB): peak = 3329.598 ; gain = 642.801 ; free physical = 6087 ; free virtual = 8787
---------------------------------------------------------------------------------
---------------------------------------------------------------------------------
Start Renaming Generated Instances
---------------------------------------------------------------------------------
---------------------------------------------------------------------------------
Finished Renaming Generated Instances : Time (s): cpu = 00:01:16 ; elapsed = 00:02:58 . Memory (MB): peak = 3329.598 ; gain = 642.801 ; free physical = 6087 ; free virtual = 8787
---------------------------------------------------------------------------------

Report RTL Partitions: 
+-+--------------+------------+----------+
| |RTL Partition |Replication |Instances |
+-+--------------+------------+----------+
+-+--------------+------------+----------+

Report Check Netlist: 
+------+------------------+-------+---------+-------+------------------+
|      |Item              |Errors |Warnings |Status |Description       |
+------+------------------+-------+---------+-------+------------------+
|1     |multi_driven_nets |      0|        0|Passed |Multi driven nets |
+------+------------------+-------+---------+-------+------------------+
---------------------------------------------------------------------------------
Start Rebuilding User Hierarchy
---------------------------------------------------------------------------------
---------------------------------------------------------------------------------
Finished Rebuilding User Hierarchy : Time (s): cpu = 00:01:16 ; elapsed = 00:02:58 . Memory (MB): peak = 3329.598 ; gain = 642.801 ; free physical = 6080 ; free virtual = 8781
---------------------------------------------------------------------------------
---------------------------------------------------------------------------------
Start Renaming Generated Ports
---------------------------------------------------------------------------------
---------------------------------------------------------------------------------
Finished Renaming Generated Ports : Time (s): cpu = 00:01:16 ; elapsed = 00:02:58 . Memory (MB): peak = 3329.598 ; gain = 642.801 ; free physical = 6075 ; free virtual = 8776
---------------------------------------------------------------------------------
---------------------------------------------------------------------------------
Start Handling Custom Attributes
---------------------------------------------------------------------------------
---------------------------------------------------------------------------------
Finished Handling Custom Attributes : Time (s): cpu = 00:01:16 ; elapsed = 00:02:58 . Memory (MB): peak = 3329.598 ; gain = 642.801 ; free physical = 6071 ; free virtual = 8771
---------------------------------------------------------------------------------
---------------------------------------------------------------------------------
Start Renaming Generated Nets
---------------------------------------------------------------------------------
---------------------------------------------------------------------------------
Finished Renaming Generated Nets : Time (s): cpu = 00:01:16 ; elapsed = 00:02:58 . Memory (MB): peak = 3329.598 ; gain = 642.801 ; free physical = 6067 ; free virtual = 8767
---------------------------------------------------------------------------------
---------------------------------------------------------------------------------
Start Writing Synthesis Report
---------------------------------------------------------------------------------

Report BlackBoxes: 
+-+--------------+----------+
| |BlackBox name |Instances |
+-+--------------+----------+
+-+--------------+----------+

Report Cell Usage: 
+------+---------+------+
|      |Cell     |Count |
+------+---------+------+
|1     |RAMB36E2 |     1|
+------+---------+------+

Report Instance Areas: 
+------+---------------------------------------------+-------------------------+------+
|      |Instance                                     |Module                   |Cells |
+------+---------------------------------------------+-------------------------+------+
|1     |top                                          |                         |     1|
|2     |  U0                                         |blk_mem_gen_v8_4_4       |     1|
|3     |    inst_blk_mem_gen                         |blk_mem_gen_v8_4_4_synth |     1|
|4     |      \gnbram.gnativebmg.native_blk_mem_gen  |blk_mem_gen_top          |     1|
|5     |        \valid.cstr                          |blk_mem_gen_generic_cstr |     1|
|6     |          \ramloop[0].ram.r                  |blk_mem_gen_prim_width   |     1|
|7     |            \prim_noinit.ram                 |blk_mem_gen_prim_wrapper |     1|
+------+---------------------------------------------+-------------------------+------+
---------------------------------------------------------------------------------
Finished Writing Synthesis Report : Time (s): cpu = 00:01:16 ; elapsed = 00:02:58 . Memory (MB): peak = 3329.598 ; gain = 642.801 ; free physical = 6063 ; free virtual = 8763
---------------------------------------------------------------------------------
Synthesis finished with 0 errors, 0 critical warnings and 249 warnings.
Synthesis Optimization Runtime : Time (s): cpu = 00:01:08 ; elapsed = 00:02:42 . Memory (MB): peak = 3329.598 ; gain = 570.770 ; free physical = 6094 ; free virtual = 8794
Synthesis Optimization Complete : Time (s): cpu = 00:01:16 ; elapsed = 00:02:58 . Memory (MB): peak = 3329.602 ; gain = 642.801 ; free physical = 6094 ; free virtual = 8794
INFO: [Project 1-571] Translating synthesized netlist
Netlist sorting complete. Time (s): cpu = 00:00:00.01 ; elapsed = 00:00:00 . Memory (MB): peak = 3329.602 ; gain = 0.000 ; free physical = 6126 ; free virtual = 8827
INFO: [Project 1-570] Preparing netlist for logic optimization
INFO: [Opt 31-138] Pushed 0 inverter(s) to 0 load pin(s).
Netlist sorting complete. Time (s): cpu = 00:00:00 ; elapsed = 00:00:00 . Memory (MB): peak = 3372.191 ; gain = 0.000 ; free physical = 6027 ; free virtual = 8727
INFO: [Project 1-111] Unisim Transformation Summary:
No Unisim elements were transformed.

INFO: [Common 17-83] Releasing license: Synthesis
18 Infos, 101 Warnings, 0 Critical Warnings and 0 Errors encountered.
synth_design completed successfully
synth_design: Time (s): cpu = 00:01:33 ; elapsed = 00:03:38 . Memory (MB): peak = 3372.191 ; gain = 1733.215 ; free physical = 6149 ; free virtual = 8849
Netlist sorting complete. Time (s): cpu = 00:00:00 ; elapsed = 00:00:00 . Memory (MB): peak = 3372.191 ; gain = 0.000 ; free physical = 6149 ; free virtual = 8849
WARNING: [Constraints 18-5210] No constraints selected for write.
Resolution: This message can indicate that there are no constraints for the design, or it can indicate that the used_in flags are set such that the constraints are ignored. This later case is used when running synth_design to not write synthesis constraints to the resulting checkpoint. Instead, project constraints are read when the synthesized design is opened.
INFO: [Common 17-1381] The checkpoint '/storage1/ag17009/IPBB_TestBuilds/w4_emp/proj/w4_algo/w4_algo/w4_algo.runs/bram_rx_buffer_synth_1/bram_rx_buffer.dcp' has been generated.
WARNING: [Common 17-576] 'use_project_ipc' is deprecated. This option is deprecated and no longer used.
INFO: [Coretcl 2-1648] Added synthesis output to IP cache for IP bram_rx_buffer, cache-ID = 7f45b622956e47b4
INFO: [Coretcl 2-1174] Renamed 6 cell refs.
Netlist sorting complete. Time (s): cpu = 00:00:00 ; elapsed = 00:00:00 . Memory (MB): peak = 3372.195 ; gain = 0.000 ; free physical = 6133 ; free virtual = 8834
WARNING: [Constraints 18-5210] No constraints selected for write.
Resolution: This message can indicate that there are no constraints for the design, or it can indicate that the used_in flags are set such that the constraints are ignored. This later case is used when running synth_design to not write synthesis constraints to the resulting checkpoint. Instead, project constraints are read when the synthesized design is opened.
INFO: [Common 17-1381] The checkpoint '/storage1/ag17009/IPBB_TestBuilds/w4_emp/proj/w4_algo/w4_algo/w4_algo.runs/bram_rx_buffer_synth_1/bram_rx_buffer.dcp' has been generated.
INFO: [runtcl-4] Executing : report_utilization -file bram_rx_buffer_utilization_synth.rpt -pb bram_rx_buffer_utilization_synth.pb
INFO: [Common 17-206] Exiting Vivado at Fri Mar 19 14:02:16 2021...
