Copyright 1986-2019 Xilinx, Inc. All Rights Reserved.
-----------------------------------------------------------------------------------------------------------------------------------------------
| Tool Version : Vivado v.2019.2 (lin64) Build 2708876 Wed Nov  6 21:39:14 MST 2019
| Date         : Fri Mar 19 14:01:25 2021
| Host         : excession.phy.bris.ac.uk running 64-bit Scientific Linux release 7.9 (Nitrogen)
| Command      : report_utilization -file gtwizard_ultrascale_gty16g_utilization_synth.rpt -pb gtwizard_ultrascale_gty16g_utilization_synth.pb
| Design       : gtwizard_ultrascale_gty16g
| Device       : xcku15pffva1760-2
| Design State : Synthesized
-----------------------------------------------------------------------------------------------------------------------------------------------

Utilization Design Information

Table of Contents
-----------------
1. CLB Logic
1.1 Summary of Registers by Type
2. BLOCKRAM
3. ARITHMETIC
4. I/O
5. CLOCK
6. ADVANCED
7. CONFIGURATION
8. Primitives
9. Black Boxes
10. Instantiated Netlists

1. CLB Logic
------------

+-------------------------+------+-------+-----------+-------+
|        Site Type        | Used | Fixed | Available | Util% |
+-------------------------+------+-------+-----------+-------+
| CLB LUTs*               |  136 |     0 |    522720 |  0.03 |
|   LUT as Logic          |  136 |     0 |    522720 |  0.03 |
|   LUT as Memory         |    0 |     0 |    161280 |  0.00 |
| CLB Registers           |  340 |     0 |   1045440 |  0.03 |
|   Register as Flip Flop |  340 |     0 |   1045440 |  0.03 |
|   Register as Latch     |    0 |     0 |   1045440 |  0.00 |
| CARRY8                  |    4 |     0 |     65340 | <0.01 |
| F7 Muxes                |    0 |     0 |    261360 |  0.00 |
| F8 Muxes                |    0 |     0 |    130680 |  0.00 |
| F9 Muxes                |    0 |     0 |     65340 |  0.00 |
+-------------------------+------+-------+-----------+-------+
* Warning! The Final LUT count, after physical optimizations and full implementation, is typically lower. Run opt_design after synthesis, if not already completed, for a more realistic count.


1.1 Summary of Registers by Type
--------------------------------

+-------+--------------+-------------+--------------+
| Total | Clock Enable | Synchronous | Asynchronous |
+-------+--------------+-------------+--------------+
| 0     |            _ |           - |            - |
| 0     |            _ |           - |          Set |
| 0     |            _ |           - |        Reset |
| 0     |            _ |         Set |            - |
| 0     |            _ |       Reset |            - |
| 0     |          Yes |           - |            - |
| 40    |          Yes |           - |          Set |
| 48    |          Yes |           - |        Reset |
| 6     |          Yes |         Set |            - |
| 246   |          Yes |       Reset |            - |
+-------+--------------+-------------+--------------+


2. BLOCKRAM
-----------

+----------------+------+-------+-----------+-------+
|    Site Type   | Used | Fixed | Available | Util% |
+----------------+------+-------+-----------+-------+
| Block RAM Tile |    0 |     0 |       984 |  0.00 |
|   RAMB36/FIFO* |    0 |     0 |       984 |  0.00 |
|   RAMB18       |    0 |     0 |      1968 |  0.00 |
| URAM           |    0 |     0 |       128 |  0.00 |
+----------------+------+-------+-----------+-------+
* Note: Each Block RAM Tile only has one FIFO logic available and therefore can accommodate only one FIFO36E2 or one FIFO18E2. However, if a FIFO18E2 occupies a Block RAM Tile, that tile can still accommodate a RAMB18E2


3. ARITHMETIC
-------------

+-----------+------+-------+-----------+-------+
| Site Type | Used | Fixed | Available | Util% |
+-----------+------+-------+-----------+-------+
| DSPs      |    0 |     0 |      1968 |  0.00 |
+-----------+------+-------+-----------+-------+


4. I/O
------

+------------+------+-------+-----------+-------+
|  Site Type | Used | Fixed | Available | Util% |
+------------+------+-------+-----------+-------+
| Bonded IOB |    0 |     0 |       512 |  0.00 |
+------------+------+-------+-----------+-------+


5. CLOCK
--------

+----------------------+------+-------+-----------+-------+
|       Site Type      | Used | Fixed | Available | Util% |
+----------------------+------+-------+-----------+-------+
| GLOBAL CLOCK BUFFERs |    2 |     0 |       940 |  0.21 |
|   BUFGCE             |    0 |     0 |       280 |  0.00 |
|   BUFGCE_DIV         |    0 |     0 |        44 |  0.00 |
|   BUFG_GT            |    2 |     0 |       456 |  0.44 |
|   BUFG_PS            |    0 |     0 |        72 |  0.00 |
|   BUFGCTRL*          |    0 |     0 |        88 |  0.00 |
| PLL                  |    0 |     0 |        22 |  0.00 |
| MMCM                 |    0 |     0 |        11 |  0.00 |
+----------------------+------+-------+-----------+-------+
* Note: Each used BUFGCTRL counts as two GLOBAL CLOCK BUFFERs. This table does not include global clocking resources, only buffer cell usage. See the Clock Utilization Report (report_clock_utilization) for detailed accounting of global clocking resource availability.


6. ADVANCED
-----------

+-----------------+------+-------+-----------+-------+
|    Site Type    | Used | Fixed | Available | Util% |
+-----------------+------+-------+-----------+-------+
| CMACE4          |    0 |     0 |         4 |  0.00 |
| GTHE4_CHANNEL   |    0 |     0 |        44 |  0.00 |
| GTHE4_COMMON    |    0 |     0 |        11 |  0.00 |
| GTYE4_CHANNEL   |    4 |     0 |        32 | 12.50 |
| GTYE4_COMMON    |    1 |     0 |         8 | 12.50 |
| ILKNE4          |    0 |     0 |         4 |  0.00 |
| OBUFDS_GTE4     |    0 |     0 |        38 |  0.00 |
| OBUFDS_GTE4_ADV |    0 |     0 |        38 |  0.00 |
| PCIE40E4        |    0 |     0 |         5 |  0.00 |
| PS8             |    0 |     0 |         1 |  0.00 |
| SYSMONE4        |    0 |     0 |         1 |  0.00 |
+-----------------+------+-------+-----------+-------+


7. CONFIGURATION
----------------

+-------------+------+-------+-----------+-------+
|  Site Type  | Used | Fixed | Available | Util% |
+-------------+------+-------+-----------+-------+
| BSCANE2     |    0 |     0 |         4 |  0.00 |
| DNA_PORTE2  |    0 |     0 |         1 |  0.00 |
| EFUSE_USR   |    0 |     0 |         1 |  0.00 |
| FRAME_ECCE4 |    0 |     0 |         1 |  0.00 |
| ICAPE3      |    0 |     0 |         2 |  0.00 |
| MASTER_JTAG |    0 |     0 |         1 |  0.00 |
| STARTUPE3   |    0 |     0 |         1 |  0.00 |
+-------------+------+-------+-----------+-------+


8. Primitives
-------------

+---------------+------+---------------------+
|    Ref Name   | Used | Functional Category |
+---------------+------+---------------------+
| FDRE          |  246 |            Register |
| FDCE          |   48 |            Register |
| FDPE          |   40 |            Register |
| LUT6          |   33 |                 CLB |
| LUT3          |   28 |                 CLB |
| LUT1          |   27 |                 CLB |
| LUT4          |   26 |                 CLB |
| LUT5          |   25 |                 CLB |
| LUT2          |   23 |                 CLB |
| FDSE          |    6 |            Register |
| GTYE4_CHANNEL |    4 |            Advanced |
| CARRY8        |    4 |                 CLB |
| BUFG_GT_SYNC  |    2 |               Clock |
| BUFG_GT       |    2 |               Clock |
| GTYE4_COMMON  |    1 |            Advanced |
+---------------+------+---------------------+


9. Black Boxes
--------------

+----------+------+
| Ref Name | Used |
+----------+------+


10. Instantiated Netlists
-------------------------

+----------+------+
| Ref Name | Used |
+----------+------+


